<?xml version="1.0" encoding="UTF-8"?>
<coverage generated="1485595292817" clover="3.2.0">
  <project timestamp="1485595292818" name="All files">
    <metrics statements="23" coveredstatements="23" conditionals="30" coveredconditionals="30" methods="6" coveredmethods="6" elements="59" coveredelements="59" complexity="0" loc="23" ncloc="23" packages="6" files="6" classes="6">
      <package name="factorial">
        <metrics statements="3" coveredstatements="3" conditionals="6" coveredconditionals="6" methods="1" coveredmethods="1"/>
        <file name="index.js" path="/Applications/MAMP/htdocs/personal/recursive-functions/functions/factorial/index.js">
          <metrics statements="3" coveredstatements="3" conditionals="6" coveredconditionals="6" methods="1" coveredmethods="1"/>
          <line num="2" count="20" type="stmt"/>
          <line num="3" count="2" type="stmt"/>
          <line num="6" count="18" type="stmt"/>
        </file>
      </package>
      <package name="fibonacci">
        <metrics statements="3" coveredstatements="3" conditionals="6" coveredconditionals="6" methods="1" coveredmethods="1"/>
        <file name="index.js" path="/Applications/MAMP/htdocs/personal/recursive-functions/functions/fibonacci/index.js">
          <metrics statements="3" coveredstatements="3" conditionals="6" coveredconditionals="6" methods="1" coveredmethods="1"/>
          <line num="2" count="112" type="stmt"/>
          <line num="3" count="3" type="stmt"/>
          <line num="6" count="109" type="stmt"/>
        </file>
      </package>
      <package name="fizzbuzz">
        <metrics statements="10" coveredstatements="10" conditionals="10" coveredconditionals="10" methods="1" coveredmethods="1"/>
        <file name="index.js" path="/Applications/MAMP/htdocs/personal/recursive-functions/functions/fizzbuzz/index.js">
          <metrics statements="10" coveredstatements="10" conditionals="10" coveredconditionals="10" methods="1" coveredmethods="1"/>
          <line num="2" count="18" type="stmt"/>
          <line num="4" count="18" type="stmt"/>
          <line num="5" count="1" type="stmt"/>
          <line num="8" count="17" type="stmt"/>
          <line num="9" count="2" type="stmt"/>
          <line num="12" count="15" type="stmt"/>
          <line num="13" count="5" type="stmt"/>
          <line num="16" count="15" type="stmt"/>
          <line num="17" count="3" type="stmt"/>
          <line num="20" count="15" type="stmt"/>
        </file>
      </package>
      <package name="map">
        <metrics statements="1" coveredstatements="1" conditionals="0" coveredconditionals="0" methods="1" coveredmethods="1"/>
        <file name="index.js" path="/Applications/MAMP/htdocs/personal/recursive-functions/functions/map/index.js">
          <metrics statements="1" coveredstatements="1" conditionals="0" coveredconditionals="0" methods="1" coveredmethods="1"/>
          <line num="2" count="1" type="stmt"/>
        </file>
      </package>
      <package name="reverseArray">
        <metrics statements="3" coveredstatements="3" conditionals="4" coveredconditionals="4" methods="1" coveredmethods="1"/>
        <file name="index.js" path="/Applications/MAMP/htdocs/personal/recursive-functions/functions/reverseArray/index.js">
          <metrics statements="3" coveredstatements="3" conditionals="4" coveredconditionals="4" methods="1" coveredmethods="1"/>
          <line num="2" count="6" type="stmt"/>
          <line num="3" count="1" type="stmt"/>
          <line num="5" count="5" type="stmt"/>
        </file>
      </package>
      <package name="reverseString">
        <metrics statements="3" coveredstatements="3" conditionals="4" coveredconditionals="4" methods="1" coveredmethods="1"/>
        <file name="index.js" path="/Applications/MAMP/htdocs/personal/recursive-functions/functions/reverseString/index.js">
          <metrics statements="3" coveredstatements="3" conditionals="4" coveredconditionals="4" methods="1" coveredmethods="1"/>
          <line num="2" count="8" type="stmt"/>
          <line num="3" count="2" type="stmt"/>
          <line num="6" count="6" type="stmt"/>
        </file>
      </package>
    </metrics>
  </project>
</coverage>
