{"/Applications/MAMP/htdocs/personal/recursive-functions/functions/factorial/index.js": {"path":"/Applications/MAMP/htdocs/personal/recursive-functions/functions/factorial/index.js","statementMap":{"0":{"start":{"line":2,"column":2},"end":{"line":4,"column":3}},"1":{"start":{"line":3,"column":4},"end":{"line":3,"column":45}},"2":{"start":{"line":6,"column":2},"end":{"line":8,"column":30}}},"fnMap":{"0":{"name":"factorial","decl":{"start":{"line":1,"column":9},"end":{"line":1,"column":18}},"loc":{"start":{"line":1,"column":24},"end":{"line":9,"column":1}}}},"branchMap":{"0":{"loc":{"start":{"line":2,"column":2},"end":{"line":4,"column":3}},"type":"if","locations":[{"start":{"line":2,"column":2},"end":{"line":4,"column":3}},{"start":{"line":2,"column":2},"end":{"line":4,"column":3}}]},"1":{"loc":{"start":{"line":2,"column":6},"end":{"line":2,"column":40}},"type":"binary-expr","locations":[{"start":{"line":2,"column":6},"end":{"line":2,"column":13}},{"start":{"line":2,"column":17},"end":{"line":2,"column":40}}]},"2":{"loc":{"start":{"line":6,"column":9},"end":{"line":8,"column":30}},"type":"cond-expr","locations":[{"start":{"line":7,"column":6},"end":{"line":7,"column":7}},{"start":{"line":8,"column":6},"end":{"line":8,"column":30}}]}},"s":{"0":20,"1":2,"2":18},"f":{"0":20},"b":{"0":[2,18],"1":[20,19],"2":[4,14]},"_coverageSchema":"332fd63041d2c1bcb487cc26dd0d5f7d97098a6c","hash":"f8e49a09f7a1fc0a91fe114d80dc5dbb07419d59"}
,"/Applications/MAMP/htdocs/personal/recursive-functions/functions/fibonacci/index.js": {"path":"/Applications/MAMP/htdocs/personal/recursive-functions/functions/fibonacci/index.js","statementMap":{"0":{"start":{"line":2,"column":2},"end":{"line":4,"column":3}},"1":{"start":{"line":3,"column":4},"end":{"line":3,"column":45}},"2":{"start":{"line":6,"column":2},"end":{"line":8,"column":45}}},"fnMap":{"0":{"name":"fibonacci","decl":{"start":{"line":1,"column":9},"end":{"line":1,"column":18}},"loc":{"start":{"line":1,"column":24},"end":{"line":9,"column":1}}}},"branchMap":{"0":{"loc":{"start":{"line":2,"column":2},"end":{"line":4,"column":3}},"type":"if","locations":[{"start":{"line":2,"column":2},"end":{"line":4,"column":3}},{"start":{"line":2,"column":2},"end":{"line":4,"column":3}}]},"1":{"loc":{"start":{"line":2,"column":6},"end":{"line":2,"column":40}},"type":"binary-expr","locations":[{"start":{"line":2,"column":6},"end":{"line":2,"column":29}},{"start":{"line":2,"column":33},"end":{"line":2,"column":40}}]},"2":{"loc":{"start":{"line":6,"column":9},"end":{"line":8,"column":45}},"type":"cond-expr","locations":[{"start":{"line":7,"column":6},"end":{"line":7,"column":7}},{"start":{"line":8,"column":6},"end":{"line":8,"column":45}}]}},"s":{"0":112,"1":3,"2":109},"f":{"0":112},"b":{"0":[3,109],"1":[112,111],"2":[55,54]},"_coverageSchema":"332fd63041d2c1bcb487cc26dd0d5f7d97098a6c","hash":"b2abc859db6ddf0f30d288452f9d557f19eff9a8"}
,"/Applications/MAMP/htdocs/personal/recursive-functions/functions/fizzbuzz/index.js": {"path":"/Applications/MAMP/htdocs/personal/recursive-functions/functions/fizzbuzz/index.js","statementMap":{"0":{"start":{"line":2,"column":12},"end":{"line":2,"column":14}},"1":{"start":{"line":4,"column":2},"end":{"line":6,"column":3}},"2":{"start":{"line":5,"column":4},"end":{"line":5,"column":14}},"3":{"start":{"line":8,"column":2},"end":{"line":10,"column":3}},"4":{"start":{"line":9,"column":4},"end":{"line":9,"column":41}},"5":{"start":{"line":12,"column":2},"end":{"line":14,"column":3}},"6":{"start":{"line":13,"column":4},"end":{"line":13,"column":17}},"7":{"start":{"line":16,"column":2},"end":{"line":18,"column":3}},"8":{"start":{"line":17,"column":4},"end":{"line":17,"column":17}},"9":{"start":{"line":20,"column":2},"end":{"line":20,"column":48}}},"fnMap":{"0":{"name":"fizzBuzz","decl":{"start":{"line":1,"column":9},"end":{"line":1,"column":17}},"loc":{"start":{"line":1,"column":23},"end":{"line":21,"column":1}}}},"branchMap":{"0":{"loc":{"start":{"line":4,"column":2},"end":{"line":6,"column":3}},"type":"if","locations":[{"start":{"line":4,"column":2},"end":{"line":6,"column":3}},{"start":{"line":4,"column":2},"end":{"line":6,"column":3}}]},"1":{"loc":{"start":{"line":8,"column":2},"end":{"line":10,"column":3}},"type":"if","locations":[{"start":{"line":8,"column":2},"end":{"line":10,"column":3}},{"start":{"line":8,"column":2},"end":{"line":10,"column":3}}]},"2":{"loc":{"start":{"line":12,"column":2},"end":{"line":14,"column":3}},"type":"if","locations":[{"start":{"line":12,"column":2},"end":{"line":14,"column":3}},{"start":{"line":12,"column":2},"end":{"line":14,"column":3}}]},"3":{"loc":{"start":{"line":16,"column":2},"end":{"line":18,"column":3}},"type":"if","locations":[{"start":{"line":16,"column":2},"end":{"line":18,"column":3}},{"start":{"line":16,"column":2},"end":{"line":18,"column":3}}]},"4":{"loc":{"start":{"line":20,"column":33},"end":{"line":20,"column":43}},"type":"binary-expr","locations":[{"start":{"line":20,"column":33},"end":{"line":20,"column":36}},{"start":{"line":20,"column":40},"end":{"line":20,"column":43}}]}},"s":{"0":18,"1":18,"2":1,"3":17,"4":2,"5":15,"6":5,"7":15,"8":3,"9":15},"f":{"0":18},"b":{"0":[1,17],"1":[2,15],"2":[5,10],"3":[3,12],"4":[15,8]},"_coverageSchema":"332fd63041d2c1bcb487cc26dd0d5f7d97098a6c","hash":"a18a1264dc8b5c4bee074e0d99a320ed56b74042"}
,"/Applications/MAMP/htdocs/personal/recursive-functions/functions/map/index.js": {"path":"/Applications/MAMP/htdocs/personal/recursive-functions/functions/map/index.js","statementMap":{"0":{"start":{"line":2,"column":2},"end":{"line":2,"column":12}}},"fnMap":{"0":{"name":"map","decl":{"start":{"line":1,"column":9},"end":{"line":1,"column":12}},"loc":{"start":{"line":1,"column":22},"end":{"line":3,"column":1}}}},"branchMap":{},"s":{"0":1},"f":{"0":1},"b":{},"_coverageSchema":"332fd63041d2c1bcb487cc26dd0d5f7d97098a6c","hash":"2cfe43132488a1852d3e8804cbd30eac9ce64f9c"}
,"/Applications/MAMP/htdocs/personal/recursive-functions/functions/reverseArray/index.js": {"path":"/Applications/MAMP/htdocs/personal/recursive-functions/functions/reverseArray/index.js","statementMap":{"0":{"start":{"line":2,"column":2},"end":{"line":4,"column":3}},"1":{"start":{"line":3,"column":4},"end":{"line":3,"column":38}},"2":{"start":{"line":5,"column":2},"end":{"line":7,"column":8}}},"fnMap":{"0":{"name":"reverseArray","decl":{"start":{"line":1,"column":9},"end":{"line":1,"column":21}},"loc":{"start":{"line":1,"column":27},"end":{"line":8,"column":1}}}},"branchMap":{"0":{"loc":{"start":{"line":2,"column":2},"end":{"line":4,"column":3}},"type":"if","locations":[{"start":{"line":2,"column":2},"end":{"line":4,"column":3}},{"start":{"line":2,"column":2},"end":{"line":4,"column":3}}]},"1":{"loc":{"start":{"line":5,"column":9},"end":{"line":7,"column":8}},"type":"cond-expr","locations":[{"start":{"line":6,"column":6},"end":{"line":6,"column":47}},{"start":{"line":7,"column":6},"end":{"line":7,"column":8}}]}},"s":{"0":6,"1":1,"2":5},"f":{"0":6},"b":{"0":[1,5],"1":[4,1]},"_coverageSchema":"332fd63041d2c1bcb487cc26dd0d5f7d97098a6c","hash":"49e19f88c92b1a692d51adb091a044fdad5a0db1"}
,"/Applications/MAMP/htdocs/personal/recursive-functions/functions/reverseString/index.js": {"path":"/Applications/MAMP/htdocs/personal/recursive-functions/functions/reverseString/index.js","statementMap":{"0":{"start":{"line":2,"column":2},"end":{"line":4,"column":3}},"1":{"start":{"line":3,"column":4},"end":{"line":3,"column":38}},"2":{"start":{"line":6,"column":2},"end":{"line":8,"column":8}}},"fnMap":{"0":{"name":"reverseString","decl":{"start":{"line":1,"column":9},"end":{"line":1,"column":22}},"loc":{"start":{"line":1,"column":28},"end":{"line":9,"column":1}}}},"branchMap":{"0":{"loc":{"start":{"line":2,"column":2},"end":{"line":4,"column":3}},"type":"if","locations":[{"start":{"line":2,"column":2},"end":{"line":4,"column":3}},{"start":{"line":2,"column":2},"end":{"line":4,"column":3}}]},"1":{"loc":{"start":{"line":6,"column":9},"end":{"line":8,"column":8}},"type":"cond-expr","locations":[{"start":{"line":7,"column":6},"end":{"line":7,"column":42}},{"start":{"line":8,"column":6},"end":{"line":8,"column":8}}]}},"s":{"0":8,"1":2,"2":6},"f":{"0":8},"b":{"0":[2,6],"1":[5,1]},"_coverageSchema":"332fd63041d2c1bcb487cc26dd0d5f7d97098a6c","hash":"b034d66d98bf70e367ff953b89e9987cb12a4625"}
}
