TN:
SF:/Applications/MAMP/htdocs/personal/recursive-functions/functions/factorial/index.js
FN:1,factorial
FNF:1
FNH:1
FNDA:20,factorial
DA:2,20
DA:3,2
DA:6,18
LF:3
LH:3
BRDA:2,0,0,2
BRDA:2,0,1,18
BRDA:2,1,0,20
BRDA:2,1,1,19
BRDA:6,2,0,4
BRDA:6,2,1,14
BRF:6
BRH:6
end_of_record
TN:
SF:/Applications/MAMP/htdocs/personal/recursive-functions/functions/fibonacci/index.js
FN:1,fibonacci
FNF:1
FNH:1
FNDA:112,fibonacci
DA:2,112
DA:3,3
DA:6,109
LF:3
LH:3
BRDA:2,0,0,3
BRDA:2,0,1,109
BRDA:2,1,0,112
BRDA:2,1,1,111
BRDA:6,2,0,55
BRDA:6,2,1,54
BRF:6
BRH:6
end_of_record
TN:
SF:/Applications/MAMP/htdocs/personal/recursive-functions/functions/fizzbuzz/index.js
FN:1,fizzBuzz
FNF:1
FNH:1
FNDA:18,fizzBuzz
DA:2,18
DA:4,18
DA:5,1
DA:8,17
DA:9,2
DA:12,15
DA:13,5
DA:16,15
DA:17,3
DA:20,15
LF:10
LH:10
BRDA:4,0,0,1
BRDA:4,0,1,17
BRDA:8,1,0,2
BRDA:8,1,1,15
BRDA:12,2,0,5
BRDA:12,2,1,10
BRDA:16,3,0,3
BRDA:16,3,1,12
BRDA:20,4,0,15
BRDA:20,4,1,8
BRF:10
BRH:10
end_of_record
TN:
SF:/Applications/MAMP/htdocs/personal/recursive-functions/functions/map/index.js
FN:1,map
FNF:1
FNH:1
FNDA:1,map
DA:2,1
LF:1
LH:1
BRF:0
BRH:0
end_of_record
TN:
SF:/Applications/MAMP/htdocs/personal/recursive-functions/functions/reverseArray/index.js
FN:1,reverseArray
FNF:1
FNH:1
FNDA:6,reverseArray
DA:2,6
DA:3,1
DA:5,5
LF:3
LH:3
BRDA:2,0,0,1
BRDA:2,0,1,5
BRDA:5,1,0,4
BRDA:5,1,1,1
BRF:4
BRH:4
end_of_record
TN:
SF:/Applications/MAMP/htdocs/personal/recursive-functions/functions/reverseString/index.js
FN:1,reverseString
FNF:1
FNH:1
FNDA:8,reverseString
DA:2,8
DA:3,2
DA:6,6
LF:3
LH:3
BRDA:2,0,0,2
BRDA:2,0,1,6
BRDA:6,1,0,5
BRDA:6,1,1,1
BRF:4
BRH:4
end_of_record
